
> visualdesign-react@0.1.0 dev
> next dev --port 3002

▲ Next.js 16.1.6 (Turbopack)
- Local:         http://localhost:3002
- Network:       http://192.168.8.106:3002
- Environments: .env.local

✓ Starting...
✓ Ready in 1479ms
Auth state changed: INITIAL_SESSION undefined
 GET /assets/logotipo.png 404 in 736ms (compile: 340ms, render: 396ms)
 GET / 200 in 1990ms (compile: 563ms, render: 1427ms)
 GET /assets/logotipo.png 404 in 301ms (compile: 48ms, render: 254ms)
 GET / 200 in 1053ms (compile: 11ms, render: 1042ms)
MozServer Proxy Request: GET /health
 POST /api/mozserver-proxy 200 in 126ms (compile: 106ms, render: 20ms)
MozServer Proxy Request: GET /health
 POST /api/mozserver-proxy 200 in 10ms (compile: 3ms, render: 8ms)
 GET /auth/forgot-password 200 in 200ms (compile: 65ms, render: 135ms)
 GET /auth/login 200 in 84ms (compile: 26ms, render: 58ms)
 GET / 200 in 55ms (compile: 5ms, render: 50ms)
 GET /admin 404 in 148ms (compile: 18ms, proxy.ts: 78ms, render: 52ms)
 GET /auth/login?from=%2Fadmin 200 in 31ms (compile: 6ms, render: 25ms)
 POST /api/auth/reset-password 200 in 1812ms (compile: 217ms, render: 1594ms)
 GET /auth/reset-password 200 in 197ms (compile: 131ms, render: 66ms)
 GET /auth/callback?error=server_error&error_code=unexpected_failure&error_description=Unable+to+exchange+external+code%3A+4%2F0AfrIepAppGZFoxIZ8a7TaE2LVS8Q0Ufm6y5cOHWmYjn1bBaYN_bV2XVhtAgovUTkHf5ARA 307 in 78ms (compile: 70ms, render: 8ms)
 GET /auth/login?error=server_error&error_description=Unable+to+exchange+external+code%3A+4%2F0AfrIepAppGZFoxIZ8a7TaE2LVS8Q0Ufm6y5cOHWmYjn1bBaYN_bV2XVhtAgovUTkHf5ARA 200 in 78ms (compile: 5ms, render: 73ms)
 GET /admin 404 in 75ms (compile: 16ms, proxy.ts: 14ms, render: 45ms)
 GET /admin 404 in 467ms (compile: 27ms, proxy.ts: 7ms, render: 432ms)
 GET /auth/callback?error=server_error&error_code=unexpected_failure&error_description=Unable+to+exchange+external+code%3A+4%2F0AfrIepAdYfBFrthRZa4dC60AtW9WDeJ84LnXRYJTnBvrX476XnKVUNKXUxV0WDWGIrRPbQ 307 in 3.4s (compile: 3.4s, render: 6ms)
 GET /auth/login 200 in 118ms (compile: 6ms, render: 112ms)
 GET /auth/login?error=server_error&error_description=Unable+to+exchange+external+code%3A+4%2F0AfrIepAdYfBFrthRZa4dC60AtW9WDeJ84LnXRYJTnBvrX476XnKVUNKXUxV0WDWGIrRPbQ 200 in 120ms (compile: 27ms, render: 93ms)
 GET /admin 404 in 67ms (compile: 14ms, proxy.ts: 7ms, render: 45ms)
⚠ Fast Refresh had to perform a full reload when ./src/components/auth/AuthProvider.tsx changed. Read more: https://nextjs.org/docs/messages/fast-refresh-reload
⚠ Fast Refresh had to perform a full reload when ./src/components/auth/AuthProvider.tsx changed. Read more: https://nextjs.org/docs/messages/fast-refresh-reload
✓ Compiled in 1ms
Auth state changed: INITIAL_SESSION undefined
Auth state changed: INITIAL_SESSION undefined
 GET /admin 404 in 34.5s (compile: 25ms, proxy.ts: 7ms, render: 34.4s)
 GET /auth/login 200 in 667ms (compile: 88ms, render: 579ms)
 GET / 200 in 670ms (compile: 314ms, render: 355ms)
Auth state changed: INITIAL_SESSION undefined
 GET /assets/logotipo.png 404 in 370ms (compile: 201ms, render: 169ms)
MozServer Proxy Request: GET /health
 POST /api/mozserver-proxy 200 in 4.0s (compile: 4.0s, render: 8ms)
⚠ Fast Refresh had to perform a full reload when ./src/components/auth/AuthProvider.tsx changed. Read more: https://nextjs.org/docs/messages/fast-refresh-reload
⚠ Fast Refresh had to perform a full reload when ./src/components/auth/AuthProvider.tsx changed. Read more: https://nextjs.org/docs/messages/fast-refresh-reload
⚠ Fast Refresh had to perform a full reload when ./src/components/auth/AuthProvider.tsx changed. Read more: https://nextjs.org/docs/messages/fast-refresh-reload
⚠ Fast Refresh had to perform a full reload when ./src/components/auth/AuthProvider.tsx changed. Read more: https://nextjs.org/docs/messages/fast-refresh-reload
⚠ Fast Refresh had to perform a full reload when ./src/components/auth/AuthProvider.tsx changed. Read more: https://nextjs.org/docs/messages/fast-refresh-reload
⚠ Fast Refresh had to perform a full reload when ./src/components/auth/AuthProvider.tsx changed. Read more: https://nextjs.org/docs/messages/fast-refresh-reload
Auth state changed: INITIAL_SESSION undefined
Auth state changed: INITIAL_SESSION undefined
Auth state changed: INITIAL_SESSION undefined
 GET / 200 in 88s (compile: 6.9s, render: 81s)
Auth state changed: INITIAL_SESSION undefined
 GET / 200 in 116s (compile: 11.0s, render: 105s)
✓ Compiled in 241.3s
 GET /assets/logotipo.png 404 in 50s (compile: 27.3s, render: 23.0s)
 GET / 200 in 3.0min (compile: 6.8s, render: 2.9min)
 GET /auth/login 200 in 2.9min (compile: 10.7s, render: 2.8min)
 GET /admin 404 in 3.5min (compile: 75s, proxy.ts: 20.2s, render: 115s)
